<?xml version="1.0" encoding="UTF-8"?>
<!-- Generated by org.testng.reporters.JUnitXMLReporter -->
<testsuite ignored="0" hostname="LTIN461581" failures="0" tests="5" name="ChromeTest" time="73.213" errors="0" timestamp="2025-08-14T12:28:42 IST">
  <testcase classname="MiniProject.Testing" name="homePage" time="45.343"/>
  <testcase classname="MiniProject.Testing" name="verifyOfferPageTitle" time="0.312"/>
  <testcase classname="MiniProject.Testing" name="verifyBannerText" time="0.217"/>
  <testcase classname="MiniProject.Testing" name="packageList" time="1.272"/>
  <testcase classname="MiniProject.Testing" name="priceList" time="2.416"/>
</testsuite> <!-- ChromeTest -->
