<?xml version="1.0" encoding="UTF-8"?>
<!-- Generated by org.testng.reporters.JUnitXMLReporter -->
<testsuite ignored="0" hostname="LTIN461581" failures="0" tests="5" name="EdgeTest" time="57.673" errors="0" timestamp="2025-08-14T12:28:27 IST">
  <testcase classname="MiniProject.Testing" name="homePage" time="32.319"/>
  <testcase classname="MiniProject.Testing" name="verifyOfferPageTitle" time="0.256"/>
  <testcase classname="MiniProject.Testing" name="verifyBannerText" time="0.353"/>
  <testcase classname="MiniProject.Testing" name="packageList" time="1.325"/>
  <testcase classname="MiniProject.Testing" name="priceList" time="2.739"/>
</testsuite> <!-- EdgeTest -->
